<?xml version="1.0" encoding="UTF-8"?>
<!-- Generated by org.testng.reporters.JUnitReportReporter -->
<testsuite hostname="DESKTOP-SEKDPB4" failures="0" tests="6" name="testNGTest.FacebookTest1" time="53.660" errors="0" timestamp="2023-02-09T19:28:14 IST" skipped="0">
  <testcase classname="testNGTest.FacebookTest1" name="veirifyCookiesPolicies" time="8.456"/>
  <system-out/>
  <testcase classname="testNGTest.FacebookTest1" name="verifyTesrmLink" time="7.402"/>
  <system-out/>
  <testcase classname="testNGTest.FacebookTest1" name="veirifyPrivacyPlicies" time="7.750"/>
  <system-out/>
  <testcase classname="testNGTest.FacebookTest1" name="verifyTesrmLink" time="11.844"/>
  <system-out/>
  <testcase classname="testNGTest.FacebookTest1" name="veirifyPrivacyPlicies" time="10.671"/>
  <system-out/>
  <testcase classname="testNGTest.FacebookTest1" name="veirifyCookiesPolicies" time="7.537"/>
  <system-out/>
</testsuite> <!-- testNGTest.FacebookTest1 -->
