<?xml version="1.0" encoding="UTF-8"?>
<!-- Generated by org.testng.reporters.JUnitReportReporter -->
<testsuite hostname="DESKTOP-SEKDPB4" failures="0" tests="6" name="testNGTest.FacebookTest_2" time="43.524" errors="0" timestamp="2023-02-09T19:28:14 IST" skipped="0">
  <testcase classname="testNGTest.FacebookTest_2" name="veirifyCookiesPolicies" time="11.619"/>
  <system-out/>
  <testcase classname="testNGTest.FacebookTest_2" name="veirifyPrivacyPlicies" time="10.832"/>
  <system-out/>
  <testcase classname="testNGTest.FacebookTest_2" name="veirifyCookiesPolicies" time="7.305"/>
  <system-out/>
  <testcase classname="testNGTest.FacebookTest_2" name="verifyTesrmLink" time="4.557"/>
  <system-out/>
  <testcase classname="testNGTest.FacebookTest_2" name="veirifyPrivacyPlicies" time="7.357"/>
  <system-out/>
  <testcase classname="testNGTest.FacebookTest_2" name="verifyTesrmLink" time="1.854"/>
  <system-out/>
</testsuite> <!-- testNGTest.FacebookTest_2 -->
